This file contains any messages produced by compilers while
running configure, to aid debugging if configure makes a mistake.

It was created by Gource configure 0.47, which was
generated by GNU Autoconf 2.69.  Invocation command line was

  $ /Users/juspende/Downloads/gource-0.47/configure 

## --------- ##
## Platform. ##
## --------- ##

hostname = e2r10p15.42.fr
uname -m = x86_64
uname -r = 16.7.0
uname -s = Darwin
uname -v = Darwin Kernel Version 16.7.0: Thu Jun 15 17:36:27 PDT 2017; root:xnu-3789.70.16~2/RELEASE_X86_64

/usr/bin/uname -p = i386
/bin/uname -X     = unknown

/bin/arch              = unknown
/usr/bin/arch -k       = unknown
/usr/convex/getsysinfo = unknown
/usr/bin/hostinfo      = Mach kernel version:
	 Darwin Kernel Version 16.7.0: Thu Jun 15 17:36:27 PDT 2017; root:xnu-3789.70.16~2/RELEASE_X86_64
Kernel configured for up to 4 processors.
4 processors are physically available.
4 processors are logically available.
Processor type: i486 (Intel 80486)
Processors active: 0 1 2 3
Primary memory available: 8.00 gigabytes
Default processor set: 337 tasks, 1533 threads, 4 processors
Load average: 2.69, Mach factor: 1.33
/bin/machine           = unknown
/usr/bin/oslevel       = unknown
/bin/universe          = unknown

PATH: /usr/bin
PATH: /bin
PATH: /usr/sbin
PATH: /sbin
PATH: /usr/local/bin
PATH: /usr/local/munki
PATH: /Library/TeX/texbin


## ----------- ##
## Core tests. ##
## ----------- ##

configure:2560: checking for a BSD-compatible install
configure:2628: result: /usr/bin/install -c
configure:2639: checking whether build environment is sane
configure:2694: result: yes
configure:2845: checking for a thread-safe mkdir -p
configure:2884: result: /Users/juspende/Downloads/gource-0.47/build-aux/install-sh -c -d
configure:2891: checking for gawk
configure:2921: result: no
configure:2891: checking for mawk
configure:2921: result: no
configure:2891: checking for nawk
configure:2921: result: no
configure:2891: checking for awk
configure:2907: found /usr/bin/awk
configure:2918: result: awk
configure:2929: checking whether make sets $(MAKE)
configure:2951: result: yes
configure:2980: checking whether make supports nested variables
configure:2997: result: yes
configure:3128: checking build system type
configure:3142: result: x86_64-apple-darwin16.7.0
configure:3162: checking host system type
configure:3175: result: x86_64-apple-darwin16.7.0
configure:3255: checking for g++
configure:3271: found /usr/bin/g++
configure:3282: result: g++
configure:3309: checking for C++ compiler version
configure:3318: g++ --version >&5
Apple LLVM version 9.0.0 (clang-900.0.38)
Target: x86_64-apple-darwin16.7.0
Thread model: posix
InstalledDir: /Applications/Xcode.app/Contents/Developer/Toolchains/XcodeDefault.xctoolchain/usr/bin
Configured with: --prefix=/Applications/Xcode.app/Contents/Developer/usr --with-gxx-include-dir=/usr/include/c++/4.2.1
configure:3329: $? = 0
configure:3318: g++ -v >&5
Configured with: --prefix=/Applications/Xcode.app/Contents/Developer/usr --with-gxx-include-dir=/usr/include/c++/4.2.1
Apple LLVM version 9.0.0 (clang-900.0.38)
Target: x86_64-apple-darwin16.7.0
Thread model: posix
InstalledDir: /Applications/Xcode.app/Contents/Developer/Toolchains/XcodeDefault.xctoolchain/usr/bin
configure:3329: $? = 0
configure:3318: g++ -V >&5
clang: error: argument to '-V' is missing (expected 1 value)
clang: error: no input files
configure:3329: $? = 1
configure:3318: g++ -qversion >&5
clang: error: unknown argument: '-qversion'
clang: error: no input files
configure:3329: $? = 1
configure:3349: checking whether the C++ compiler works
configure:3371: g++    conftest.cpp  >&5
configure:3375: $? = 0
configure:3423: result: yes
configure:3426: checking for C++ compiler default output file name
configure:3428: result: a.out
configure:3434: checking for suffix of executables
configure:3441: g++ -o conftest    conftest.cpp  >&5
configure:3445: $? = 0
configure:3467: result: 
configure:3489: checking whether we are cross compiling
configure:3497: g++ -o conftest    conftest.cpp  >&5
configure:3501: $? = 0
configure:3508: ./conftest
configure:3512: $? = 0
configure:3527: result: no
configure:3532: checking for suffix of object files
configure:3554: g++ -c   conftest.cpp >&5
configure:3558: $? = 0
configure:3579: result: o
configure:3583: checking whether we are using the GNU C++ compiler
configure:3602: g++ -c   conftest.cpp >&5
configure:3602: $? = 0
configure:3611: result: yes
configure:3620: checking whether g++ accepts -g
configure:3640: g++ -c -g  conftest.cpp >&5
configure:3640: $? = 0
configure:3681: result: yes
configure:3715: checking for style of include used by make
configure:3743: result: GNU
configure:3769: checking dependency style of g++
configure:3880: result: gcc3
configure:3906: checking for timegm
configure:3906: g++ -o conftest -g -O2   conftest.cpp  >&5
configure:3906: $? = 0
configure:3906: result: yes
configure:3906: checking for unsetenv
configure:3906: g++ -o conftest -g -O2   conftest.cpp  >&5
configure:3906: $? = 0
configure:3906: result: yes
configure:3934: checking how to run the C++ preprocessor
configure:3961: g++ -E  conftest.cpp
configure:3961: $? = 0
configure:3975: g++ -E  conftest.cpp
conftest.cpp:13:10: fatal error: 'ac_nonexistent.h' file not found
#include <ac_nonexistent.h>
         ^~~~~~~~~~~~~~~~~~
1 error generated.
configure:3975: $? = 1
configure: failed program was:
| /* confdefs.h */
| #define PACKAGE_NAME "Gource"
| #define PACKAGE_TARNAME "gource"
| #define PACKAGE_VERSION "0.47"
| #define PACKAGE_STRING "Gource 0.47"
| #define PACKAGE_BUGREPORT "acaudwell@gmail.com"
| #define PACKAGE_URL ""
| #define PACKAGE "gource"
| #define VERSION "0.47"
| #define HAVE_TIMEGM 1
| #define HAVE_UNSETENV 1
| /* end confdefs.h.  */
| #include <ac_nonexistent.h>
configure:4000: result: g++ -E
configure:4020: g++ -E  conftest.cpp
configure:4020: $? = 0
configure:4034: g++ -E  conftest.cpp
conftest.cpp:13:10: fatal error: 'ac_nonexistent.h' file not found
#include <ac_nonexistent.h>
         ^~~~~~~~~~~~~~~~~~
1 error generated.
configure:4034: $? = 1
configure: failed program was:
| /* confdefs.h */
| #define PACKAGE_NAME "Gource"
| #define PACKAGE_TARNAME "gource"
| #define PACKAGE_VERSION "0.47"
| #define PACKAGE_STRING "Gource 0.47"
| #define PACKAGE_BUGREPORT "acaudwell@gmail.com"
| #define PACKAGE_URL ""
| #define PACKAGE "gource"
| #define VERSION "0.47"
| #define HAVE_TIMEGM 1
| #define HAVE_UNSETENV 1
| /* end confdefs.h.  */
| #include <ac_nonexistent.h>
configure:4063: checking for X
configure:4241: result: disabled
configure:4256: checking for a sed that does not truncate output
configure:4320: result: /usr/bin/sed
configure:4373: checking for gcc
configure:4389: found /usr/bin/gcc
configure:4400: result: gcc
configure:4629: checking for C compiler version
configure:4638: gcc --version >&5
Apple LLVM version 9.0.0 (clang-900.0.38)
Target: x86_64-apple-darwin16.7.0
Thread model: posix
InstalledDir: /Applications/Xcode.app/Contents/Developer/Toolchains/XcodeDefault.xctoolchain/usr/bin
Configured with: --prefix=/Applications/Xcode.app/Contents/Developer/usr --with-gxx-include-dir=/usr/include/c++/4.2.1
configure:4649: $? = 0
configure:4638: gcc -v >&5
Configured with: --prefix=/Applications/Xcode.app/Contents/Developer/usr --with-gxx-include-dir=/usr/include/c++/4.2.1
Apple LLVM version 9.0.0 (clang-900.0.38)
Target: x86_64-apple-darwin16.7.0
Thread model: posix
InstalledDir: /Applications/Xcode.app/Contents/Developer/Toolchains/XcodeDefault.xctoolchain/usr/bin
configure:4649: $? = 0
configure:4638: gcc -V >&5
clang: error: argument to '-V' is missing (expected 1 value)
clang: error: no input files
configure:4649: $? = 1
configure:4638: gcc -qversion >&5
clang: error: unknown argument: '-qversion'
clang: error: no input files
configure:4649: $? = 1
configure:4653: checking whether we are using the GNU C compiler
configure:4672: gcc -c   conftest.c >&5
configure:4672: $? = 0
configure:4681: result: yes
configure:4690: checking whether gcc accepts -g
configure:4710: gcc -c -g  conftest.c >&5
configure:4710: $? = 0
configure:4751: result: yes
configure:4768: checking for gcc option to accept ISO C89
configure:4831: gcc  -c -g -O2  conftest.c >&5
configure:4831: $? = 0
configure:4844: result: none needed
configure:4869: checking whether gcc understands -c and -o together
configure:4891: gcc -c conftest.c -o conftest2.o
configure:4894: $? = 0
configure:4891: gcc -c conftest.c -o conftest2.o
configure:4894: $? = 0
configure:4906: result: yes
configure:4925: checking dependency style of gcc
configure:5036: result: gcc3
configure:5217: checking for the pthreads library -lpthreads
configure:5255: gcc -o conftest -g -O2    conftest.c -lpthreads  -framework CoreFoundation >&5
ld: library not found for -lpthreads
clang: error: linker command failed with exit code 1 (use -v to see invocation)
configure:5255: $? = 1
configure: failed program was:
| /* confdefs.h */
| #define PACKAGE_NAME "Gource"
| #define PACKAGE_TARNAME "gource"
| #define PACKAGE_VERSION "0.47"
| #define PACKAGE_STRING "Gource 0.47"
| #define PACKAGE_BUGREPORT "acaudwell@gmail.com"
| #define PACKAGE_URL ""
| #define PACKAGE "gource"
| #define VERSION "0.47"
| #define HAVE_TIMEGM 1
| #define HAVE_UNSETENV 1
| /* end confdefs.h.  */
| #include <pthread.h>
| 	             static void routine(void* a) {a=0;}
| 	             static void* start_routine(void* a) {return a;}
| int
| main ()
| {
| pthread_t th; pthread_attr_t attr;
|                      pthread_join(th, 0);
|                      pthread_attr_init(&attr);
|                      pthread_cleanup_push(routine, 0);
|                      pthread_create(&th,0,start_routine,0);
|                      pthread_cleanup_pop(0);
|   ;
|   return 0;
| }
configure:5264: result: no
configure:5162: checking whether pthreads work without any flags
configure:5255: gcc -o conftest -g -O2    conftest.c   -framework CoreFoundation >&5
configure:5255: $? = 0
configure:5264: result: yes
configure:5283: checking for joinable pthread attribute
configure:5298: gcc -o conftest -g -O2    conftest.c   -framework CoreFoundation >&5
configure:5298: $? = 0
configure:5304: result: PTHREAD_CREATE_JOINABLE
configure:5314: checking if more special flags are required for pthreads
configure:5321: result: -D_THREAD_SAFE
configure:5408: checking how to run the C preprocessor
configure:5439: gcc -E  conftest.c
configure:5439: $? = 0
configure:5453: gcc -E  conftest.c
conftest.c:14:10: fatal error: 'ac_nonexistent.h' file not found
#include <ac_nonexistent.h>
         ^~~~~~~~~~~~~~~~~~
1 error generated.
configure:5453: $? = 1
configure: failed program was:
| /* confdefs.h */
| #define PACKAGE_NAME "Gource"
| #define PACKAGE_TARNAME "gource"
| #define PACKAGE_VERSION "0.47"
| #define PACKAGE_STRING "Gource 0.47"
| #define PACKAGE_BUGREPORT "acaudwell@gmail.com"
| #define PACKAGE_URL ""
| #define PACKAGE "gource"
| #define VERSION "0.47"
| #define HAVE_TIMEGM 1
| #define HAVE_UNSETENV 1
| #define HAVE_PTHREAD 1
| /* end confdefs.h.  */
| #include <ac_nonexistent.h>
configure:5478: result: gcc -E
configure:5498: gcc -E  conftest.c
configure:5498: $? = 0
configure:5512: gcc -E  conftest.c
conftest.c:14:10: fatal error: 'ac_nonexistent.h' file not found
#include <ac_nonexistent.h>
         ^~~~~~~~~~~~~~~~~~
1 error generated.
configure:5512: $? = 1
configure: failed program was:
| /* confdefs.h */
| #define PACKAGE_NAME "Gource"
| #define PACKAGE_TARNAME "gource"
| #define PACKAGE_VERSION "0.47"
| #define PACKAGE_STRING "Gource 0.47"
| #define PACKAGE_BUGREPORT "acaudwell@gmail.com"
| #define PACKAGE_URL ""
| #define PACKAGE "gource"
| #define VERSION "0.47"
| #define HAVE_TIMEGM 1
| #define HAVE_UNSETENV 1
| #define HAVE_PTHREAD 1
| /* end confdefs.h.  */
| #include <ac_nonexistent.h>
configure:5541: checking for grep that handles long lines and -e
configure:5599: result: /usr/bin/grep
configure:5604: checking for egrep
configure:5666: result: /usr/bin/grep -E
configure:5671: checking for ANSI C header files
configure:5691: gcc -c -g -O2  conftest.c >&5
configure:5691: $? = 0
configure:5764: gcc -o conftest -g -O2   conftest.c  -framework CoreFoundation >&5
configure:5764: $? = 0
configure:5764: ./conftest
configure:5764: $? = 0
configure:5775: result: yes
configure:5788: checking for sys/types.h
configure:5788: gcc -c -g -O2  conftest.c >&5
configure:5788: $? = 0
configure:5788: result: yes
configure:5788: checking for sys/stat.h
configure:5788: gcc -c -g -O2  conftest.c >&5
configure:5788: $? = 0
configure:5788: result: yes
configure:5788: checking for stdlib.h
configure:5788: gcc -c -g -O2  conftest.c >&5
configure:5788: $? = 0
configure:5788: result: yes
configure:5788: checking for string.h
configure:5788: gcc -c -g -O2  conftest.c >&5
configure:5788: $? = 0
configure:5788: result: yes
configure:5788: checking for memory.h
configure:5788: gcc -c -g -O2  conftest.c >&5
configure:5788: $? = 0
configure:5788: result: yes
configure:5788: checking for strings.h
configure:5788: gcc -c -g -O2  conftest.c >&5
configure:5788: $? = 0
configure:5788: result: yes
configure:5788: checking for inttypes.h
configure:5788: gcc -c -g -O2  conftest.c >&5
configure:5788: $? = 0
configure:5788: result: yes
configure:5788: checking for stdint.h
configure:5788: gcc -c -g -O2  conftest.c >&5
configure:5788: $? = 0
configure:5788: result: yes
configure:5788: checking for unistd.h
configure:5788: gcc -c -g -O2  conftest.c >&5
configure:5788: $? = 0
configure:5788: result: yes
configure:5807: checking whether we are using the Microsoft C compiler
configure:5826: gcc -c -g -O2  conftest.c >&5
conftest.c:29:8: error: use of undeclared identifier 'choke'
       choke me
       ^
1 error generated.
configure:5826: $? = 1
configure: failed program was:
| /* confdefs.h */
| #define PACKAGE_NAME "Gource"
| #define PACKAGE_TARNAME "gource"
| #define PACKAGE_VERSION "0.47"
| #define PACKAGE_STRING "Gource 0.47"
| #define PACKAGE_BUGREPORT "acaudwell@gmail.com"
| #define PACKAGE_URL ""
| #define PACKAGE "gource"
| #define VERSION "0.47"
| #define HAVE_TIMEGM 1
| #define HAVE_UNSETENV 1
| #define HAVE_PTHREAD 1
| #define STDC_HEADERS 1
| #define HAVE_SYS_TYPES_H 1
| #define HAVE_SYS_STAT_H 1
| #define HAVE_STDLIB_H 1
| #define HAVE_STRING_H 1
| #define HAVE_MEMORY_H 1
| #define HAVE_STRINGS_H 1
| #define HAVE_INTTYPES_H 1
| #define HAVE_STDINT_H 1
| #define HAVE_UNISTD_H 1
| /* end confdefs.h.  */
| 
| int
| main ()
| {
| #ifndef _MSC_VER
|        choke me
| #endif
| 
|   ;
|   return 0;
| }
configure:5835: result: no
configure:5851: checking windows.h usability
configure:5851: gcc -c -g -O2  conftest.c >&5
conftest.c:57:10: fatal error: 'windows.h' file not found
#include <windows.h>
         ^~~~~~~~~~~
1 error generated.
configure:5851: $? = 1
configure: failed program was:
| /* confdefs.h */
| #define PACKAGE_NAME "Gource"
| #define PACKAGE_TARNAME "gource"
| #define PACKAGE_VERSION "0.47"
| #define PACKAGE_STRING "Gource 0.47"
| #define PACKAGE_BUGREPORT "acaudwell@gmail.com"
| #define PACKAGE_URL ""
| #define PACKAGE "gource"
| #define VERSION "0.47"
| #define HAVE_TIMEGM 1
| #define HAVE_UNSETENV 1
| #define HAVE_PTHREAD 1
| #define STDC_HEADERS 1
| #define HAVE_SYS_TYPES_H 1
| #define HAVE_SYS_STAT_H 1
| #define HAVE_STDLIB_H 1
| #define HAVE_STRING_H 1
| #define HAVE_MEMORY_H 1
| #define HAVE_STRINGS_H 1
| #define HAVE_INTTYPES_H 1
| #define HAVE_STDINT_H 1
| #define HAVE_UNISTD_H 1
| /* end confdefs.h.  */
| #include <stdio.h>
| #ifdef HAVE_SYS_TYPES_H
| # include <sys/types.h>
| #endif
| #ifdef HAVE_SYS_STAT_H
| # include <sys/stat.h>
| #endif
| #ifdef STDC_HEADERS
| # include <stdlib.h>
| # include <stddef.h>
| #else
| # ifdef HAVE_STDLIB_H
| #  include <stdlib.h>
| # endif
| #endif
| #ifdef HAVE_STRING_H
| # if !defined STDC_HEADERS && defined HAVE_MEMORY_H
| #  include <memory.h>
| # endif
| # include <string.h>
| #endif
| #ifdef HAVE_STRINGS_H
| # include <strings.h>
| #endif
| #ifdef HAVE_INTTYPES_H
| # include <inttypes.h>
| #endif
| #ifdef HAVE_STDINT_H
| # include <stdint.h>
| #endif
| #ifdef HAVE_UNISTD_H
| # include <unistd.h>
| #endif
| #include <windows.h>
configure:5851: result: no
configure:5851: checking windows.h presence
configure:5851: gcc -E  conftest.c
conftest.c:24:10: fatal error: 'windows.h' file not found
#include <windows.h>
         ^~~~~~~~~~~
1 error generated.
configure:5851: $? = 1
configure: failed program was:
| /* confdefs.h */
| #define PACKAGE_NAME "Gource"
| #define PACKAGE_TARNAME "gource"
| #define PACKAGE_VERSION "0.47"
| #define PACKAGE_STRING "Gource 0.47"
| #define PACKAGE_BUGREPORT "acaudwell@gmail.com"
| #define PACKAGE_URL ""
| #define PACKAGE "gource"
| #define VERSION "0.47"
| #define HAVE_TIMEGM 1
| #define HAVE_UNSETENV 1
| #define HAVE_PTHREAD 1
| #define STDC_HEADERS 1
| #define HAVE_SYS_TYPES_H 1
| #define HAVE_SYS_STAT_H 1
| #define HAVE_STDLIB_H 1
| #define HAVE_STRING_H 1
| #define HAVE_MEMORY_H 1
| #define HAVE_STRINGS_H 1
| #define HAVE_INTTYPES_H 1
| #define HAVE_STDINT_H 1
| #define HAVE_UNISTD_H 1
| /* end confdefs.h.  */
| #include <windows.h>
configure:5851: result: no
configure:5851: checking for windows.h
configure:5851: result: no
configure:5867: checking for GL/gl.h
configure:5867: gcc -c -g -O2 -D_THREAD_SAFE   conftest.c >&5
conftest.c:30:10: fatal error: 'GL/gl.h' file not found
#include <GL/gl.h>
         ^~~~~~~~~
1 error generated.
configure:5867: $? = 1
configure: failed program was:
| /* confdefs.h */
| #define PACKAGE_NAME "Gource"
| #define PACKAGE_TARNAME "gource"
| #define PACKAGE_VERSION "0.47"
| #define PACKAGE_STRING "Gource 0.47"
| #define PACKAGE_BUGREPORT "acaudwell@gmail.com"
| #define PACKAGE_URL ""
| #define PACKAGE "gource"
| #define VERSION "0.47"
| #define HAVE_TIMEGM 1
| #define HAVE_UNSETENV 1
| #define HAVE_PTHREAD 1
| #define STDC_HEADERS 1
| #define HAVE_SYS_TYPES_H 1
| #define HAVE_SYS_STAT_H 1
| #define HAVE_STDLIB_H 1
| #define HAVE_STRING_H 1
| #define HAVE_MEMORY_H 1
| #define HAVE_STRINGS_H 1
| #define HAVE_INTTYPES_H 1
| #define HAVE_STDINT_H 1
| #define HAVE_UNISTD_H 1
| /* end confdefs.h.  */
| 
| # if defined(HAVE_WINDOWS_H) && defined(_WIN32)
| #   include <windows.h>
| # endif
| 
| 
| #include <GL/gl.h>
configure:5867: result: no
configure:5867: checking for OpenGL/gl.h
configure:5867: gcc -c -g -O2 -D_THREAD_SAFE   conftest.c >&5
configure:5867: $? = 0
configure:5867: result: yes
configure:5888: checking for OpenGL library
configure:5935: gcc -o conftest -g -O2  -D_THREAD_SAFE    conftest.c -lopengl32  -framework CoreFoundation >&5
ld: library not found for -lopengl32
clang: error: linker command failed with exit code 1 (use -v to see invocation)
configure:5935: $? = 1
configure: failed program was:
| /* confdefs.h */
| #define PACKAGE_NAME "Gource"
| #define PACKAGE_TARNAME "gource"
| #define PACKAGE_VERSION "0.47"
| #define PACKAGE_STRING "Gource 0.47"
| #define PACKAGE_BUGREPORT "acaudwell@gmail.com"
| #define PACKAGE_URL ""
| #define PACKAGE "gource"
| #define VERSION "0.47"
| #define HAVE_TIMEGM 1
| #define HAVE_UNSETENV 1
| #define HAVE_PTHREAD 1
| #define STDC_HEADERS 1
| #define HAVE_SYS_TYPES_H 1
| #define HAVE_SYS_STAT_H 1
| #define HAVE_STDLIB_H 1
| #define HAVE_STRING_H 1
| #define HAVE_MEMORY_H 1
| #define HAVE_STRINGS_H 1
| #define HAVE_INTTYPES_H 1
| #define HAVE_STDINT_H 1
| #define HAVE_UNISTD_H 1
| #define HAVE_OPENGL_GL_H 1
| /* end confdefs.h.  */
| 
| # if defined(HAVE_WINDOWS_H) && defined(_WIN32)
| #   include <windows.h>
| # endif
| # ifdef HAVE_GL_GL_H
| #   include <GL/gl.h>
| # elif defined(HAVE_OPENGL_GL_H)
| #   include <OpenGL/gl.h>
| # else
| #   error no gl.h
| # endif
| int
| main ()
| {
| glBegin(0)
|   ;
|   return 0;
| }
configure:5961: gcc -o conftest -g -O2  -D_THREAD_SAFE    -L/usr/lib64/nvidia conftest.c -lopengl32  -framework CoreFoundation >&5
ld: warning: directory not found for option '-L/usr/lib64/nvidia'
ld: library not found for -lopengl32
clang: error: linker command failed with exit code 1 (use -v to see invocation)
configure:5961: $? = 1
configure: failed program was:
| /* confdefs.h */
| #define PACKAGE_NAME "Gource"
| #define PACKAGE_TARNAME "gource"
| #define PACKAGE_VERSION "0.47"
| #define PACKAGE_STRING "Gource 0.47"
| #define PACKAGE_BUGREPORT "acaudwell@gmail.com"
| #define PACKAGE_URL ""
| #define PACKAGE "gource"
| #define VERSION "0.47"
| #define HAVE_TIMEGM 1
| #define HAVE_UNSETENV 1
| #define HAVE_PTHREAD 1
| #define STDC_HEADERS 1
| #define HAVE_SYS_TYPES_H 1
| #define HAVE_SYS_STAT_H 1
| #define HAVE_STDLIB_H 1
| #define HAVE_STRING_H 1
| #define HAVE_MEMORY_H 1
| #define HAVE_STRINGS_H 1
| #define HAVE_INTTYPES_H 1
| #define HAVE_STDINT_H 1
| #define HAVE_UNISTD_H 1
| #define HAVE_OPENGL_GL_H 1
| /* end confdefs.h.  */
| 
| # if defined(HAVE_WINDOWS_H) && defined(_WIN32)
| #   include <windows.h>
| # endif
| # ifdef HAVE_GL_GL_H
| #   include <GL/gl.h>
| # elif defined(HAVE_OPENGL_GL_H)
| #   include <OpenGL/gl.h>
| # else
| #   error no gl.h
| # endif
| int
| main ()
| {
| glBegin(0)
|   ;
|   return 0;
| }
configure:5987: gcc -o conftest -g -O2  -D_THREAD_SAFE    -dylib_file /System/Library/Frameworks/OpenGL.framework/Versions/A/Libraries/libGL.dylib:/System/Library/Frameworks/OpenGL.framework/Versions/A/Libraries/libGL.dylib conftest.c -lopengl32  -framework CoreFoundation >&5
ld: library not found for -lopengl32
clang: error: linker command failed with exit code 1 (use -v to see invocation)
configure:5987: $? = 1
configure: failed program was:
| /* confdefs.h */
| #define PACKAGE_NAME "Gource"
| #define PACKAGE_TARNAME "gource"
| #define PACKAGE_VERSION "0.47"
| #define PACKAGE_STRING "Gource 0.47"
| #define PACKAGE_BUGREPORT "acaudwell@gmail.com"
| #define PACKAGE_URL ""
| #define PACKAGE "gource"
| #define VERSION "0.47"
| #define HAVE_TIMEGM 1
| #define HAVE_UNSETENV 1
| #define HAVE_PTHREAD 1
| #define STDC_HEADERS 1
| #define HAVE_SYS_TYPES_H 1
| #define HAVE_SYS_STAT_H 1
| #define HAVE_STDLIB_H 1
| #define HAVE_STRING_H 1
| #define HAVE_MEMORY_H 1
| #define HAVE_STRINGS_H 1
| #define HAVE_INTTYPES_H 1
| #define HAVE_STDINT_H 1
| #define HAVE_UNISTD_H 1
| #define HAVE_OPENGL_GL_H 1
| /* end confdefs.h.  */
| 
| # if defined(HAVE_WINDOWS_H) && defined(_WIN32)
| #   include <windows.h>
| # endif
| # ifdef HAVE_GL_GL_H
| #   include <GL/gl.h>
| # elif defined(HAVE_OPENGL_GL_H)
| #   include <OpenGL/gl.h>
| # else
| #   error no gl.h
| # endif
| int
| main ()
| {
| glBegin(0)
|   ;
|   return 0;
| }
configure:5935: gcc -o conftest -g -O2  -D_THREAD_SAFE    conftest.c -lGL  -framework CoreFoundation >&5
ld: library not found for -lGL
clang: error: linker command failed with exit code 1 (use -v to see invocation)
configure:5935: $? = 1
configure: failed program was:
| /* confdefs.h */
| #define PACKAGE_NAME "Gource"
| #define PACKAGE_TARNAME "gource"
| #define PACKAGE_VERSION "0.47"
| #define PACKAGE_STRING "Gource 0.47"
| #define PACKAGE_BUGREPORT "acaudwell@gmail.com"
| #define PACKAGE_URL ""
| #define PACKAGE "gource"
| #define VERSION "0.47"
| #define HAVE_TIMEGM 1
| #define HAVE_UNSETENV 1
| #define HAVE_PTHREAD 1
| #define STDC_HEADERS 1
| #define HAVE_SYS_TYPES_H 1
| #define HAVE_SYS_STAT_H 1
| #define HAVE_STDLIB_H 1
| #define HAVE_STRING_H 1
| #define HAVE_MEMORY_H 1
| #define HAVE_STRINGS_H 1
| #define HAVE_INTTYPES_H 1
| #define HAVE_STDINT_H 1
| #define HAVE_UNISTD_H 1
| #define HAVE_OPENGL_GL_H 1
| /* end confdefs.h.  */
| 
| # if defined(HAVE_WINDOWS_H) && defined(_WIN32)
| #   include <windows.h>
| # endif
| # ifdef HAVE_GL_GL_H
| #   include <GL/gl.h>
| # elif defined(HAVE_OPENGL_GL_H)
| #   include <OpenGL/gl.h>
| # else
| #   error no gl.h
| # endif
| int
| main ()
| {
| glBegin(0)
|   ;
|   return 0;
| }
configure:5961: gcc -o conftest -g -O2  -D_THREAD_SAFE    -L/usr/lib64/nvidia conftest.c -lGL  -framework CoreFoundation >&5
ld: warning: directory not found for option '-L/usr/lib64/nvidia'
ld: library not found for -lGL
clang: error: linker command failed with exit code 1 (use -v to see invocation)
configure:5961: $? = 1
configure: failed program was:
| /* confdefs.h */
| #define PACKAGE_NAME "Gource"
| #define PACKAGE_TARNAME "gource"
| #define PACKAGE_VERSION "0.47"
| #define PACKAGE_STRING "Gource 0.47"
| #define PACKAGE_BUGREPORT "acaudwell@gmail.com"
| #define PACKAGE_URL ""
| #define PACKAGE "gource"
| #define VERSION "0.47"
| #define HAVE_TIMEGM 1
| #define HAVE_UNSETENV 1
| #define HAVE_PTHREAD 1
| #define STDC_HEADERS 1
| #define HAVE_SYS_TYPES_H 1
| #define HAVE_SYS_STAT_H 1
| #define HAVE_STDLIB_H 1
| #define HAVE_STRING_H 1
| #define HAVE_MEMORY_H 1
| #define HAVE_STRINGS_H 1
| #define HAVE_INTTYPES_H 1
| #define HAVE_STDINT_H 1
| #define HAVE_UNISTD_H 1
| #define HAVE_OPENGL_GL_H 1
| /* end confdefs.h.  */
| 
| # if defined(HAVE_WINDOWS_H) && defined(_WIN32)
| #   include <windows.h>
| # endif
| # ifdef HAVE_GL_GL_H
| #   include <GL/gl.h>
| # elif defined(HAVE_OPENGL_GL_H)
| #   include <OpenGL/gl.h>
| # else
| #   error no gl.h
| # endif
| int
| main ()
| {
| glBegin(0)
|   ;
|   return 0;
| }
configure:5987: gcc -o conftest -g -O2  -D_THREAD_SAFE    -dylib_file /System/Library/Frameworks/OpenGL.framework/Versions/A/Libraries/libGL.dylib:/System/Library/Frameworks/OpenGL.framework/Versions/A/Libraries/libGL.dylib conftest.c -lGL  -framework CoreFoundation >&5
ld: library not found for -lGL
clang: error: linker command failed with exit code 1 (use -v to see invocation)
configure:5987: $? = 1
configure: failed program was:
| /* confdefs.h */
| #define PACKAGE_NAME "Gource"
| #define PACKAGE_TARNAME "gource"
| #define PACKAGE_VERSION "0.47"
| #define PACKAGE_STRING "Gource 0.47"
| #define PACKAGE_BUGREPORT "acaudwell@gmail.com"
| #define PACKAGE_URL ""
| #define PACKAGE "gource"
| #define VERSION "0.47"
| #define HAVE_TIMEGM 1
| #define HAVE_UNSETENV 1
| #define HAVE_PTHREAD 1
| #define STDC_HEADERS 1
| #define HAVE_SYS_TYPES_H 1
| #define HAVE_SYS_STAT_H 1
| #define HAVE_STDLIB_H 1
| #define HAVE_STRING_H 1
| #define HAVE_MEMORY_H 1
| #define HAVE_STRINGS_H 1
| #define HAVE_INTTYPES_H 1
| #define HAVE_STDINT_H 1
| #define HAVE_UNISTD_H 1
| #define HAVE_OPENGL_GL_H 1
| /* end confdefs.h.  */
| 
| # if defined(HAVE_WINDOWS_H) && defined(_WIN32)
| #   include <windows.h>
| # endif
| # ifdef HAVE_GL_GL_H
| #   include <GL/gl.h>
| # elif defined(HAVE_OPENGL_GL_H)
| #   include <OpenGL/gl.h>
| # else
| #   error no gl.h
| # endif
| int
| main ()
| {
| glBegin(0)
|   ;
|   return 0;
| }
configure:6064: gcc -o conftest -g -O2  -D_THREAD_SAFE   -framework OpenGL conftest.c  -framework CoreFoundation >&5
configure:6064: $? = 0
configure:6074: result: -framework OpenGL
configure:6099: checking for GL/glu.h
configure:6099: g++ -c -g -O2 -D_THREAD_SAFE   conftest.cpp >&5
conftest.cpp:31:10: fatal error: 'GL/glu.h' file not found
#include <GL/glu.h>
         ^~~~~~~~~~
1 error generated.
configure:6099: $? = 1
configure: failed program was:
| /* confdefs.h */
| #define PACKAGE_NAME "Gource"
| #define PACKAGE_TARNAME "gource"
| #define PACKAGE_VERSION "0.47"
| #define PACKAGE_STRING "Gource 0.47"
| #define PACKAGE_BUGREPORT "acaudwell@gmail.com"
| #define PACKAGE_URL ""
| #define PACKAGE "gource"
| #define VERSION "0.47"
| #define HAVE_TIMEGM 1
| #define HAVE_UNSETENV 1
| #define HAVE_PTHREAD 1
| #define STDC_HEADERS 1
| #define HAVE_SYS_TYPES_H 1
| #define HAVE_SYS_STAT_H 1
| #define HAVE_STDLIB_H 1
| #define HAVE_STRING_H 1
| #define HAVE_MEMORY_H 1
| #define HAVE_STRINGS_H 1
| #define HAVE_INTTYPES_H 1
| #define HAVE_STDINT_H 1
| #define HAVE_UNISTD_H 1
| #define HAVE_OPENGL_GL_H 1
| /* end confdefs.h.  */
| 
| # if defined(HAVE_WINDOWS_H) && defined(_WIN32)
| #   include <windows.h>
| # endif
| 
| 
| #include <GL/glu.h>
configure:6099: result: no
configure:6099: checking for OpenGL/glu.h
configure:6099: g++ -c -g -O2 -D_THREAD_SAFE   conftest.cpp >&5
configure:6099: $? = 0
configure:6099: result: yes
configure:6118: checking for OpenGL Utility library
configure:6175: g++ -o conftest -g -O2 -D_THREAD_SAFE    -framework OpenGL  conftest.cpp  -framework CoreFoundation >&5
conftest.cpp:40:1: warning: 'gluBeginCurve' is deprecated: first deprecated in macOS 10.9 [-Wdeprecated-declarations]
gluBeginCurve(0)
^
/System/Library/Frameworks/OpenGL.framework/Headers/glu.h:240:13: note: 'gluBeginCurve' has been explicitly marked deprecated here
extern void gluBeginCurve (GLUnurbs* nurb) OPENGL_DEPRECATED(10_0, 10_9);
            ^
1 warning generated.
configure:6175: $? = 0
configure:6236: result: yes
configure:6255: checking for varargs GLU tesselator callback function type
configure:6285: g++ -c -D_THREAD_SAFE  -g -O2  conftest.cpp >&5
conftest.cpp:35:22: error: no matching function for call to 'gluTessCallback'
GLvoid (*func)(...); gluTessCallback(0, 0, func)
                     ^~~~~~~~~~~~~~~
/System/Library/Frameworks/OpenGL.framework/Headers/glu.h:291:13: note: candidate function not viable: no known conversion from 'GLvoid (*)(...)' (aka 'void (*)(...)') to 'GLvoid (*)()' (aka 'void (*)()') for 3rd argument
extern void gluTessCallback (GLUtesselator* tess, GLenum which, GLvoid (*CallBackFunc)()) OPENGL_DEPRECATED(10_0, 10_9);
            ^
1 error generated.
configure:6285: $? = 1
configure: failed program was:
| /* confdefs.h */
| #define PACKAGE_NAME "Gource"
| #define PACKAGE_TARNAME "gource"
| #define PACKAGE_VERSION "0.47"
| #define PACKAGE_STRING "Gource 0.47"
| #define PACKAGE_BUGREPORT "acaudwell@gmail.com"
| #define PACKAGE_URL ""
| #define PACKAGE "gource"
| #define VERSION "0.47"
| #define HAVE_TIMEGM 1
| #define HAVE_UNSETENV 1
| #define HAVE_PTHREAD 1
| #define STDC_HEADERS 1
| #define HAVE_SYS_TYPES_H 1
| #define HAVE_SYS_STAT_H 1
| #define HAVE_STDLIB_H 1
| #define HAVE_STRING_H 1
| #define HAVE_MEMORY_H 1
| #define HAVE_STRINGS_H 1
| #define HAVE_INTTYPES_H 1
| #define HAVE_STDINT_H 1
| #define HAVE_UNISTD_H 1
| #define HAVE_OPENGL_GL_H 1
| #define HAVE_OPENGL_GLU_H 1
| /* end confdefs.h.  */
| 
| # ifdef HAVE_GL_GLU_H
| #   include <GL/glu.h>
| # else
| #   include <OpenGL/glu.h>
| # endif
| int
| main ()
| {
| GLvoid (*func)(...); gluTessCallback(0, 0, func)
|   ;
|   return 0;
| }
configure:6297: result: no
configure:6359: checking for pkg-config
configure:6392: result: no
configure:6428: checking for FT2
configure:6497: error: in `/Users/juspende/GitHub':
configure:6499: error: The pkg-config script could not be found or is too old.  Make sure it
is in your PATH or set the PKG_CONFIG environment variable to the full
path to pkg-config.

Alternatively, you may set the environment variables FT2_CFLAGS
and FT2_LIBS to avoid the need to call pkg-config.
See the pkg-config man page for more details.

To get pkg-config, see <http://pkg-config.freedesktop.org/>.
See `config.log' for more details

## ---------------- ##
## Cache variables. ##
## ---------------- ##

ac_cv_build=x86_64-apple-darwin16.7.0
ac_cv_c_compiler_gnu=yes
ac_cv_cxx_compiler_gnu=yes
ac_cv_env_CCC_set=
ac_cv_env_CCC_value=
ac_cv_env_CC_set=
ac_cv_env_CC_value=
ac_cv_env_CFLAGS_set=
ac_cv_env_CFLAGS_value=
ac_cv_env_CPPFLAGS_set=
ac_cv_env_CPPFLAGS_value=
ac_cv_env_CPP_set=
ac_cv_env_CPP_value=
ac_cv_env_CXXCPP_set=
ac_cv_env_CXXCPP_value=
ac_cv_env_CXXFLAGS_set=
ac_cv_env_CXXFLAGS_value=
ac_cv_env_CXX_set=
ac_cv_env_CXX_value=
ac_cv_env_FT2_CFLAGS_set=
ac_cv_env_FT2_CFLAGS_value=
ac_cv_env_FT2_LIBS_set=
ac_cv_env_FT2_LIBS_value=
ac_cv_env_GLEW_CFLAGS_set=
ac_cv_env_GLEW_CFLAGS_value=
ac_cv_env_GLEW_LIBS_set=
ac_cv_env_GLEW_LIBS_value=
ac_cv_env_LDFLAGS_set=
ac_cv_env_LDFLAGS_value=
ac_cv_env_LIBS_set=
ac_cv_env_LIBS_value=
ac_cv_env_PCRE_CFLAGS_set=
ac_cv_env_PCRE_CFLAGS_value=
ac_cv_env_PCRE_LIBS_set=
ac_cv_env_PCRE_LIBS_value=
ac_cv_env_PKG_CONFIG_set=
ac_cv_env_PKG_CONFIG_value=
ac_cv_env_PNG_CFLAGS_set=
ac_cv_env_PNG_CFLAGS_value=
ac_cv_env_PNG_LIBS_set=
ac_cv_env_PNG_LIBS_value=
ac_cv_env_SDL2_CFLAGS_set=
ac_cv_env_SDL2_CFLAGS_value=
ac_cv_env_SDL2_LIBS_set=
ac_cv_env_SDL2_LIBS_value=
ac_cv_env_XMKMF_set=
ac_cv_env_XMKMF_value=
ac_cv_env_build_alias_set=
ac_cv_env_build_alias_value=
ac_cv_env_host_alias_set=
ac_cv_env_host_alias_value=
ac_cv_env_target_alias_set=
ac_cv_env_target_alias_value=
ac_cv_func_timegm=yes
ac_cv_func_unsetenv=yes
ac_cv_header_GL_gl_h=no
ac_cv_header_GL_glu_h=no
ac_cv_header_OpenGL_gl_h=yes
ac_cv_header_OpenGL_glu_h=yes
ac_cv_header_inttypes_h=yes
ac_cv_header_memory_h=yes
ac_cv_header_stdc=yes
ac_cv_header_stdint_h=yes
ac_cv_header_stdlib_h=yes
ac_cv_header_string_h=yes
ac_cv_header_strings_h=yes
ac_cv_header_sys_stat_h=yes
ac_cv_header_sys_types_h=yes
ac_cv_header_unistd_h=yes
ac_cv_header_windows_h=no
ac_cv_host=x86_64-apple-darwin16.7.0
ac_cv_objext=o
ac_cv_path_EGREP='/usr/bin/grep -E'
ac_cv_path_GREP=/usr/bin/grep
ac_cv_path_SED=/usr/bin/sed
ac_cv_path_install='/usr/bin/install -c'
ac_cv_prog_AWK=awk
ac_cv_prog_CPP='gcc -E'
ac_cv_prog_CXXCPP='g++ -E'
ac_cv_prog_ac_ct_CC=gcc
ac_cv_prog_ac_ct_CXX=g++
ac_cv_prog_cc_c89=
ac_cv_prog_cc_g=yes
ac_cv_prog_cxx_g=yes
ac_cv_prog_make_make_set=yes
am_cv_CC_dependencies_compiler_type=gcc3
am_cv_CXX_dependencies_compiler_type=gcc3
am_cv_make_support_nested_variables=yes
am_cv_prog_cc_c_o=yes
ax_cv_c_compiler_ms=no
ax_cv_check_gl_libgl='-framework OpenGL'
ax_cv_check_glu_libglu=yes
ax_cv_varargs_glu_tesscb=no

## ----------------- ##
## Output variables. ##
## ----------------- ##

ACLOCAL='${SHELL} /Users/juspende/Downloads/gource-0.47/build-aux/missing aclocal-1.15'
AMDEPBACKSLASH='\'
AMDEP_FALSE='#'
AMDEP_TRUE=''
AMTAR='$${TAR-tar}'
AM_BACKSLASH='\'
AM_DEFAULT_V='$(AM_DEFAULT_VERBOSITY)'
AM_DEFAULT_VERBOSITY='1'
AM_V='$(V)'
AUTOCONF='${SHELL} /Users/juspende/Downloads/gource-0.47/build-aux/missing autoconf'
AUTOHEADER='${SHELL} /Users/juspende/Downloads/gource-0.47/build-aux/missing autoheader'
AUTOMAKE='${SHELL} /Users/juspende/Downloads/gource-0.47/build-aux/missing automake-1.15'
AWK='awk'
BOOST_CPPFLAGS=''
BOOST_FILESYSTEM_LIB=''
BOOST_LDFLAGS=''
BOOST_SYSTEM_LIB=''
CC='gcc'
CCDEPMODE='depmode=gcc3'
CFLAGS='-g -O2'
CPP='gcc -E'
CPPFLAGS=' -D_THREAD_SAFE  -D_THREAD_SAFE '
CXX='g++'
CXXCPP='g++ -E'
CXXDEPMODE='depmode=gcc3'
CXXFLAGS='-g -O2 -D_THREAD_SAFE  -D_THREAD_SAFE '
CYGPATH_W='echo'
DEFS=''
DEPDIR='.deps'
ECHO_C='\c'
ECHO_N=''
ECHO_T=''
EGREP='/usr/bin/grep -E'
EXEEXT=''
FONTDIR_FALSE=''
FONTDIR_TRUE=''
FT2_CFLAGS=''
FT2_LIBS=''
GLEW_CFLAGS=''
GLEW_LIBS=''
GLU_CFLAGS='-D_THREAD_SAFE '
GLU_LIBS=''
GL_CFLAGS='-D_THREAD_SAFE '
GL_LIBS='-framework OpenGL '
GREP='/usr/bin/grep'
INSTALL_DATA='${INSTALL} -m 644'
INSTALL_PROGRAM='${INSTALL}'
INSTALL_SCRIPT='${INSTALL}'
INSTALL_STRIP_PROGRAM='$(install_sh) -c -s'
LDFLAGS=''
LIBOBJS=''
LIBS=' -framework CoreFoundation -framework OpenGL  '
LTLIBOBJS=''
MAKEINFO='${SHELL} /Users/juspende/Downloads/gource-0.47/build-aux/missing makeinfo'
MKDIR_P='/Users/juspende/Downloads/gource-0.47/build-aux/install-sh -c -d'
OBJEXT='o'
PACKAGE='gource'
PACKAGE_BUGREPORT='acaudwell@gmail.com'
PACKAGE_NAME='Gource'
PACKAGE_STRING='Gource 0.47'
PACKAGE_TARNAME='gource'
PACKAGE_URL=''
PACKAGE_VERSION='0.47'
PATH_SEPARATOR=':'
PCRE_CFLAGS=''
PCRE_LIBS=''
PKG_CONFIG=''
PNG_CFLAGS=''
PNG_LIBS=''
PTHREAD_CC='gcc'
PTHREAD_CFLAGS='-D_THREAD_SAFE '
PTHREAD_LIBS=''
SDL2_CFLAGS=''
SDL2_LIBS=''
SED='/usr/bin/sed'
SET_MAKE=''
SHELL='/bin/sh'
STRIP=''
USE_BUNDLED_TINYXML_FALSE=''
USE_BUNDLED_TINYXML_TRUE=''
VERSION='0.47'
XMKMF=''
ac_ct_CC='gcc'
ac_ct_CXX='g++'
am__EXEEXT_FALSE=''
am__EXEEXT_TRUE=''
am__fastdepCC_FALSE='#'
am__fastdepCC_TRUE=''
am__fastdepCXX_FALSE='#'
am__fastdepCXX_TRUE=''
am__include='include'
am__isrc=' -I$(srcdir)'
am__leading_dot='.'
am__nodep='_no'
am__quote=''
am__tar='$${TAR-tar} chof - "$$tardir"'
am__untar='$${TAR-tar} xf -'
ax_pthread_config=''
bindir='${exec_prefix}/bin'
build='x86_64-apple-darwin16.7.0'
build_alias=''
build_cpu='x86_64'
build_os='darwin16.7.0'
build_vendor='apple'
datadir='${datarootdir}'
datarootdir='${prefix}/share'
docdir='${datarootdir}/doc/${PACKAGE_TARNAME}'
dvidir='${docdir}'
exec_prefix='NONE'
gourcefontdir=''
host='x86_64-apple-darwin16.7.0'
host_alias=''
host_cpu='x86_64'
host_os='darwin16.7.0'
host_vendor='apple'
htmldir='${docdir}'
includedir='${prefix}/include'
infodir='${datarootdir}/info'
install_sh='${SHELL} /Users/juspende/Downloads/gource-0.47/build-aux/install-sh'
libdir='${exec_prefix}/lib'
libexecdir='${exec_prefix}/libexec'
localedir='${datarootdir}/locale'
localstatedir='${prefix}/var'
mandir='${datarootdir}/man'
mkdir_p='$(MKDIR_P)'
oldincludedir='/usr/include'
pdfdir='${docdir}'
prefix='NONE'
program_transform_name='s,x,x,'
psdir='${docdir}'
runstatedir='${localstatedir}/run'
sbindir='${exec_prefix}/sbin'
sharedstatedir='${prefix}/com'
sysconfdir='${prefix}/etc'
target_alias=''

## ----------- ##
## confdefs.h. ##
## ----------- ##

/* confdefs.h */
#define PACKAGE_NAME "Gource"
#define PACKAGE_TARNAME "gource"
#define PACKAGE_VERSION "0.47"
#define PACKAGE_STRING "Gource 0.47"
#define PACKAGE_BUGREPORT "acaudwell@gmail.com"
#define PACKAGE_URL ""
#define PACKAGE "gource"
#define VERSION "0.47"
#define HAVE_TIMEGM 1
#define HAVE_UNSETENV 1
#define HAVE_PTHREAD 1
#define STDC_HEADERS 1
#define HAVE_SYS_TYPES_H 1
#define HAVE_SYS_STAT_H 1
#define HAVE_STDLIB_H 1
#define HAVE_STRING_H 1
#define HAVE_MEMORY_H 1
#define HAVE_STRINGS_H 1
#define HAVE_INTTYPES_H 1
#define HAVE_STDINT_H 1
#define HAVE_UNISTD_H 1
#define HAVE_OPENGL_GL_H 1
#define HAVE_OPENGL_GLU_H 1

configure: exit 1
